4280 INFO  o.s.web.context.ContextLoader: Root WebApplicationContext: initialization started
4289 INFO  o.s.w.c.s.AnnotationConfigWebApplicationContext: Refreshing Root WebApplicationContext: startup date [Fri Aug 24 21:03:57 EEST 2018]; root of context hierarchy
4315 INFO  o.s.w.c.s.AnnotationConfigWebApplicationContext: Registering annotated classes: [class org.iproduct.spring.webmvc.config.SpringRootConfig]
4981 INFO  org.mongodb.driver.cluster: Cluster created with settings {hosts=[127.0.0.1:27017], mode=SINGLE, requiredClusterType=UNKNOWN, serverSelectionTimeout='30000 ms', maxWaitQueueSize=500}
5020 INFO  org.mongodb.driver.connection: Opened connection [connectionId{localValue:1, serverValue:112}] to 127.0.0.1:27017
5022 INFO  org.mongodb.driver.cluster: Monitor thread successfully connected to server with description ServerDescription{address=127.0.0.1:27017, type=STANDALONE, state=CONNECTED, ok=true, version=ServerVersion{versionList=[3, 6, 5]}, minWireVersion=0, maxWireVersion=6, maxDocumentSize=16777216, logicalSessionTimeoutMinutes=null, roundTripTimeNanos=1744622}
5293 WARN  o.s.security.core.userdetails.User: User.withDefaultPasswordEncoder() is considered unsafe for production and is only intended for sample applications.
5469 INFO  o.s.s.w.DefaultSecurityFilterChain: Creating filter chain: OrRequestMatcher [requestMatchers=[Ant [pattern='/**']]], [org.springframework.security.web.context.request.async.WebAsyncManagerIntegrationFilter@437674c, org.springframework.security.web.context.SecurityContextPersistenceFilter@17317345, org.springframework.security.web.header.HeaderWriterFilter@205f10ec, org.springframework.security.web.authentication.logout.LogoutFilter@1dad7a6, org.springframework.security.web.authentication.UsernamePasswordAuthenticationFilter@3f32c47a, org.springframework.security.web.authentication.ui.DefaultLoginPageGeneratingFilter@645cceaa, org.springframework.security.web.authentication.www.BasicAuthenticationFilter@1ffceeae, org.springframework.security.web.savedrequest.RequestCacheAwareFilter@4aefbf50, org.springframework.security.web.servletapi.SecurityContextHolderAwareRequestFilter@3e6857f3, org.springframework.security.web.authentication.AnonymousAuthenticationFilter@60f1d1cb, org.springframework.security.web.session.SessionManagementFilter@4787467c, org.springframework.security.web.access.ExceptionTranslationFilter@4281b58d, org.springframework.security.web.access.intercept.FilterSecurityInterceptor@67f55dc5]
5500 INFO  o.s.web.context.ContextLoader: Root WebApplicationContext: initialization completed in 1219 ms
5505 INFO  o.s.web.servlet.DispatcherServlet: FrameworkServlet 'dispatcher': initialization started
5506 INFO  o.s.w.c.s.AnnotationConfigWebApplicationContext: Refreshing WebApplicationContext for namespace 'dispatcher-servlet': startup date [Fri Aug 24 21:03:58 EEST 2018]; parent: Root WebApplicationContext
5507 INFO  o.s.w.c.s.AnnotationConfigWebApplicationContext: Registering annotated classes: [class org.iproduct.spring.webmvc.config.SpringWebConfig]
6060 INFO  o.s.w.s.m.m.a.RequestMappingHandlerMapping: Mapped "{[/api/articles/{id}],methods=[DELETE]}" onto public org.iproduct.spring.webmvc.model.Article org.iproduct.spring.webmvc.web.ArticleController.deleteArticles(java.lang.String)
6060 INFO  o.s.w.s.m.m.a.RequestMappingHandlerMapping: Mapped "{[/api/articles/{id}],methods=[GET]}" onto public org.iproduct.spring.webmvc.model.Article org.iproduct.spring.webmvc.web.ArticleController.getArticles(java.lang.String)
6060 INFO  o.s.w.s.m.m.a.RequestMappingHandlerMapping: Mapped "{[/api/articles],methods=[GET]}" onto public java.util.List<org.iproduct.spring.webmvc.model.Article> org.iproduct.spring.webmvc.web.ArticleController.getArticles()
6060 INFO  o.s.w.s.m.m.a.RequestMappingHandlerMapping: Mapped "{[/api/articles/{id}],methods=[PUT]}" onto public org.springframework.http.ResponseEntity<org.iproduct.spring.webmvc.model.Article> org.iproduct.spring.webmvc.web.ArticleController.addArticle(java.lang.String,org.iproduct.spring.webmvc.model.Article)
6061 INFO  o.s.w.s.m.m.a.RequestMappingHandlerMapping: Mapped "{[/api/articles],methods=[POST]}" onto public org.springframework.http.ResponseEntity<org.iproduct.spring.webmvc.model.Article> org.iproduct.spring.webmvc.web.ArticleController.addArticle(org.iproduct.spring.webmvc.model.Article,org.springframework.web.util.UriComponentsBuilder,javax.servlet.http.HttpServletRequest)
6065 INFO  o.s.w.s.m.m.a.RequestMappingHandlerMapping: Mapped "{[/swagger-resources/configuration/security]}" onto public org.springframework.http.ResponseEntity<springfox.documentation.swagger.web.SecurityConfiguration> springfox.documentation.swagger.web.ApiResourceController.securityConfiguration()
6065 INFO  o.s.w.s.m.m.a.RequestMappingHandlerMapping: Mapped "{[/swagger-resources/configuration/ui]}" onto public org.springframework.http.ResponseEntity<springfox.documentation.swagger.web.UiConfiguration> springfox.documentation.swagger.web.ApiResourceController.uiConfiguration()
6066 INFO  o.s.w.s.m.m.a.RequestMappingHandlerMapping: Mapped "{[/swagger-resources]}" onto public org.springframework.http.ResponseEntity<java.util.List<springfox.documentation.swagger.web.SwaggerResource>> springfox.documentation.swagger.web.ApiResourceController.swaggerResources()
6171 INFO  o.s.w.s.h.SimpleUrlHandlerMapping: Mapped URL path [/swagger-ui.html] onto handler of type [class org.springframework.web.servlet.resource.ResourceHttpRequestHandler]
6171 INFO  o.s.w.s.h.SimpleUrlHandlerMapping: Mapped URL path [/webjars/**] onto handler of type [class org.springframework.web.servlet.resource.ResourceHttpRequestHandler]
6373 INFO  o.s.w.s.m.m.a.RequestMappingHandlerAdapter: Looking for @ControllerAdvice: WebApplicationContext for namespace 'dispatcher-servlet': startup date [Fri Aug 24 21:03:58 EEST 2018]; parent: Root WebApplicationContext
6401 INFO  o.s.w.s.m.m.a.ExceptionHandlerExceptionResolver: Detected @ExceptionHandler methods in exceptionHandlerControllerAdvice
6434 INFO  s.d.s.w.PropertySourcedRequestMappingHandlerMapping: Mapped URL path [/v2/api-docs] onto method [public org.springframework.http.ResponseEntity<springfox.documentation.spring.web.json.Json> springfox.documentation.swagger2.web.Swagger2Controller.getDocumentation(java.lang.String,javax.servlet.http.HttpServletRequest)]
6450 INFO  o.s.c.s.DefaultLifecycleProcessor: Starting beans in phase 2147483647
6450 INFO  s.d.s.w.p.DocumentationPluginsBootstrapper: Context refreshed
6467 INFO  s.d.s.w.p.DocumentationPluginsBootstrapper: Found 1 custom documentation plugin(s)
6489 INFO  s.d.s.w.s.ApiListingReferenceScanner: Scanning for api listing references
6550 INFO  s.d.s.w.r.o.CachingOperationNameGenerator: Generating unique operation named: getArticlesUsingGET_1
6583 INFO  o.s.web.servlet.DispatcherServlet: FrameworkServlet 'dispatcher': initialization completed in 1078 ms
6628 INFO  o.i.spring.webmvc.Application: Server started: Connector[HTTP/1.1-9000]
21793 INFO  org.mongodb.driver.connection: Opened connection [connectionId{localValue:2, serverValue:113}] to 127.0.0.1:27017
53433 INFO  o.i.s.webmvc.web.ArticleController: Article updated: Article(id=5b8021fb929b9f48e02b6a2e, title=New Title: AAAA, content=New  content ..., created=2018-08-21T20:12)
62279 INFO  o.i.s.webmvc.web.ArticleController: Article updated: Article(id=5b8021fb929b9f48e02b6a2e, title=New Title: BBBB, content=New  content ..., created=2018-08-21T20:12)
78471 WARN  o.s.web.servlet.PageNotFound: No mapping found for HTTP request with URI [/] in DispatcherServlet with name 'dispatcher'
78476 WARN  o.s.web.servlet.PageNotFound: No mapping found for HTTP request with URI [/csrf] in DispatcherServlet with name 'dispatcher'
