#
# A fatal error has been detected by the Java Runtime Environment:
#
#  EXCEPTION_ACCESS_VIOLATION (0xc0000005) at pc=0x00007ffa9c2baa40, pid=29960, tid=0x0000000000006280
#
# JRE version: Java(TM) SE Runtime Environment (8.0_181-b13) (build 1.8.0_181-b13)
# Java VM: Java HotSpot(TM) 64-Bit Server VM (25.181-b13 mixed mode windows-amd64 compressed oops)
# Problematic frame:
# C  [ntdll.dll+0x3aa40]
#
# Failed to write core dump. Minidumps are not enabled by default on client versions of Windows
#
# If you would like to submit a bug report, please visit:
#   http://bugreport.java.com/bugreport/crash.jsp
#

---------------  T H R E A D  ---------------

Current thread (0x00000000274c1800):  VMThread [stack: 0x0000000028540000,0x0000000028640000] [id=25216]

siginfo: ExceptionCode=0xc0000005, reading address 0x0000000000000010

Registers:
RAX=0x0000000000000000, RBX=0x0000000000000000, RCX=0x0000000000000013, RDX=0x0000000000000000
RSP=0x000000002863ed70, RBP=0x0000000000000007, RSI=0x0000000000000000, RDI=0x0000000000000108
R8 =0x0000000000000000, R9 =0x0000000000000000, R10=0x0000000000000038, R11=0x000000002863ee50
R12=0x00007ffa9c3e6120, R13=0x00007ffa9c3e6168, R14=0x000000002863ee50, R15=0x0000000000000001
RIP=0x00007ffa9c2baa40, EFLAGS=0x0000000000010202

Top of Stack: (sp=0x000000002863ed70)
0x000000002863ed70:   00000000000007bf 0000000000000200
0x000000002863ed80:   0000000000000002 000000000000024b
0x000000002863ed90:   0000000000000000 0000000000000000
0x000000002863eda0:   000000002db9c5c0 00007ffa0700ec24
0x000000002863edb0:   0000000000000108 000000002db9c5c0
0x000000002863edc0:   0000000000dc8a20 00007ffa9c2c1c1b
0x000000002863edd0:   0000000000000108 00007ffa06bfc704
0x000000002863ede0:   0000000000ce0000 0000000000ce0000
0x000000002863edf0:   0000000000d5a9d0 0000000000d5a9a0
0x000000002863ee00:   000000002863ee90 00007ffa06c1c48f
0x000000002863ee10:   000000002db9c5c0 000000002ab39a10
0x000000002863ee20:   0000000000000000 000000002db9c5c0
0x000000002863ee30:   00007ff9fee1d930 00007ffa007157c0
0x000000002863ee40:   0000000000000001 00007ffa06c0a508
0x000000002863ee50:   0000000000000000 000000002db9c5c0
0x000000002863ee60:   0000000000000000 0000000000d18b20 

Instructions: (pc=0x00007ffa9c2baa40)
0x00007ffa9c2baa20:   48 89 5c 24 08 48 89 74 24 10 57 48 83 ec 30 49
0x00007ffa9c2baa30:   8b f8 8b f2 48 8b d9 48 85 c9 0f 84 b4 9a 07 00
0x00007ffa9c2baa40:   81 7b 10 ee dd ee dd 44 8b c6 48 8b d7 48 8b cb
0x00007ffa9c2baa50:   74 20 f6 05 ff b5 12 00 02 75 2b 45 33 c9 48 8b 


Register to memory mapping:

RAX=0x0000000000000000 is an unknown value
RBX=0x0000000000000000 is an unknown value
RCX=0x0000000000000013 is an unknown value
RDX=0x0000000000000000 is an unknown value
RSP=0x000000002863ed70 is an unknown value
RBP=0x0000000000000007 is an unknown value
RSI=0x0000000000000000 is an unknown value
RDI=0x0000000000000108 is an unknown value
R8 =0x0000000000000000 is an unknown value
R9 =0x0000000000000000 is an unknown value
R10=0x0000000000000038 is an unknown value
R11=0x000000002863ee50 is an unknown value
R12=0x00007ffa9c3e6120 is an unknown value
R13=0x00007ffa9c3e6168 is an unknown value
R14=0x000000002863ee50 is an unknown value
R15=0x0000000000000001 is an unknown value


Stack: [0x0000000028540000,0x0000000028640000],  sp=0x000000002863ed70,  free space=1019k
Native frames: (J=compiled Java code, j=interpreted, Vv=VM code, C=native code)
C  [ntdll.dll+0x3aa40]
C  [nvopencl.dll+0x42ec24]
C  [nvopencl.dll+0x1c704]
C  [nvopencl.dll+0x3c48f]
C  [nvopencl.dll+0x2a508]
C  [opencv_java430.dll+0x15fd2be]
C  [opencv_java430.dll+0x15fd5a0]
C  [opencv_java430.dll+0x14dabb4]
C  [opencv_java430.dll+0x14de673]
C  [ntdll.dll+0x74749]
C  [KERNELBASE.dll+0x7b00b]
C  [opencv_java430.dll+0x22e1dc9]
C  [opencv_java430.dll+0x21da747]
C  [opencv_java430.dll+0x21da9ed]
C  [opencv_java430.dll+0x21d7bb0]
C  [opencv_java430.dll+0x218dd7b]
C  [opencv_java430.dll+0x218da62]
C  [opencv_java430.dll+0x218db58]
C  [ntdll.dll+0x25021]
C  [ntdll.dll+0x6b102]
C  [ntdll.dll+0x6afad]
C  [KERNEL32.DLL+0x1cdda]
C  [msvcr100.dll+0x20ccd]
V  [jvm.dll+0x2139a5]
V  [jvm.dll+0x24cc27]
V  [jvm.dll+0x24bec6]
V  [jvm.dll+0x24c361]
V  [jvm.dll+0x24c57e]
V  [jvm.dll+0x29e64a]
C  [msvcr100.dll+0x21d9f]
C  [msvcr100.dll+0x21e3b]
C  [KERNEL32.DLL+0x17c24]
C  [ntdll.dll+0x6d4d1]

VM_Operation (0x0000000002a5ed20): Exit, mode: safepoint, requested by thread 0x0000000002a67000


---------------  P R O C E S S  ---------------

Java Threads: ( => current thread )
  0x0000000029c38800 JavaThread "AWT-EventQueue-0" [_thread_in_native, id=27496, stack(0x0000000042480000,0x0000000042580000)]
  0x0000000029c69000 JavaThread "AWT-Shutdown" [_thread_blocked, id=10600, stack(0x000000003cf70000,0x000000003d070000)]
  0x0000000029c68000 JavaThread "Java2D Disposer" daemon [_thread_blocked, id=19728, stack(0x000000003ce70000,0x000000003cf70000)]
  0x0000000027590000 JavaThread "Service Thread" daemon [_thread_blocked, id=20472, stack(0x0000000028f40000,0x0000000029040000)]
  0x000000002750c000 JavaThread "C1 CompilerThread3" daemon [_thread_blocked, id=27508, stack(0x0000000028e40000,0x0000000028f40000)]
  0x0000000027505800 JavaThread "C2 CompilerThread2" daemon [_thread_blocked, id=5736, stack(0x0000000028d40000,0x0000000028e40000)]
  0x00000000274fe000 JavaThread "C2 CompilerThread1" daemon [_thread_blocked, id=18256, stack(0x0000000028c40000,0x0000000028d40000)]
  0x00000000274f7000 JavaThread "C2 CompilerThread0" daemon [_thread_blocked, id=17804, stack(0x0000000028b40000,0x0000000028c40000)]
  0x00000000274f3800 JavaThread "Attach Listener" daemon [_thread_blocked, id=28536, stack(0x0000000028a40000,0x0000000028b40000)]
  0x00000000274f2000 JavaThread "Signal Dispatcher" daemon [_thread_blocked, id=11740, stack(0x0000000028940000,0x0000000028a40000)]
  0x0000000025e05000 JavaThread "Finalizer" daemon [_thread_blocked, id=27964, stack(0x0000000028740000,0x0000000028840000)]
  0x0000000025dfe800 JavaThread "Reference Handler" daemon [_thread_blocked, id=28600, stack(0x0000000028640000,0x0000000028740000)]
  0x0000000002a67000 JavaThread "main" [_thread_blocked, id=23012, stack(0x0000000002960000,0x0000000002a60000)]

Other Threads:
=>0x00000000274c1800 VMThread [stack: 0x0000000028540000,0x0000000028640000] [id=25216]

VM state:at safepoint (shutting down)

VM Mutex/Monitor currently owned by a thread:  ([mutex/lock_event])
[0x0000000002a648f0] Threads_lock - owner thread: 0x00000000274c1800

Heap:
 PSYoungGen      total 153088K, used 80789K [0x0000000715980000, 0x0000000720400000, 0x00000007c0000000)
  eden space 131584K, 61% used [0x0000000715980000,0x000000071a865578,0x000000071da00000)
  from space 21504K, 0% used [0x000000071ef00000,0x000000071ef00000,0x0000000720400000)
  to   space 21504K, 0% used [0x000000071da00000,0x000000071da00000,0x000000071ef00000)
 ParOldGen       total 349696K, used 0K [0x00000005c0c00000, 0x00000005d6180000, 0x0000000715980000)
  object space 349696K, 0% used [0x00000005c0c00000,0x00000005c0c00000,0x00000005d6180000)
 Metaspace       used 13744K, capacity 13934K, committed 14080K, reserved 1062912K
  class space    used 1454K, capacity 1516K, committed 1536K, reserved 1048576K

Card table byte_map: [0x0000000011f20000,0x0000000012f20000] byte_map_base: 0x000000000f11a000

Marking Bits: (ParMarkBitMap*) 0x00000000536e2d00
 Begin Bits: [0x00000000143d0000, 0x000000001c3a0000)
 End Bits:   [0x000000001c3a0000, 0x0000000024370000)

Polling page: 0x0000000000cb0000

CodeCache: size=245760Kb used=3322Kb max_used=3322Kb free=242437Kb
 bounds [0x0000000002b60000, 0x0000000002ea0000, 0x0000000011b60000]
 total_blobs=1602 nmethods=830 adapters=685
 compilation: enabled

Compilation events (10 events):
Event: 3.676 Thread 0x000000002750c000  826       3       java.util.concurrent.locks.ReentrantLock::lock (8 bytes)
Event: 3.676 Thread 0x000000002750c000 nmethod 826 0x0000000002e95690 code [0x0000000002e95800, 0x0000000002e95a28]
Event: 3.676 Thread 0x000000002750c000  827       3       java.util.concurrent.locks.ReentrantLock$NonfairSync::lock (25 bytes)
Event: 3.677 Thread 0x000000002750c000 nmethod 827 0x0000000002e94a10 code [0x0000000002e94be0, 0x0000000002e95438]
Event: 4.277 Thread 0x000000002750c000  829  s    3       java.util.Hashtable::containsKey (65 bytes)
Event: 4.277 Thread 0x000000002750c000 nmethod 829 0x0000000002e93fd0 code [0x0000000002e94160, 0x0000000002e94798]
Event: 4.277 Thread 0x000000002750c000  830       3       java.util.Hashtable$Enumerator::hasMoreElements (53 bytes)
Event: 4.277 Thread 0x000000002750c000 nmethod 830 0x0000000002e93a50 code [0x0000000002e93bc0, 0x0000000002e93eb0]
Event: 4.277 Thread 0x000000002750c000  828       3       java.util.logging.LogManager$LoggerContext::ensureDefaultLogger (70 bytes)
Event: 4.278 Thread 0x000000002750c000 nmethod 828 0x0000000002e92dd0 code [0x0000000002e92f80, 0x0000000002e93828]

GC Heap History (0 events):
No events

Deoptimization events (10 events):
Event: 1.561 Thread 0x0000000002a67000 Uncommon trap: reason=bimorphic action=maybe_recompile pc=0x0000000002cf533c method=java.lang.ThreadLocal.get()Ljava/lang/Object; @ 6
Event: 1.561 Thread 0x0000000002a67000 Uncommon trap: reason=bimorphic action=maybe_recompile pc=0x0000000002cf533c method=java.lang.ThreadLocal.get()Ljava/lang/Object; @ 6
Event: 1.562 Thread 0x0000000002a67000 Uncommon trap: reason=bimorphic action=maybe_recompile pc=0x0000000002cf533c method=java.lang.ThreadLocal.get()Ljava/lang/Object; @ 6
Event: 1.575 Thread 0x0000000002a67000 Uncommon trap: reason=unstable_if action=reinterpret pc=0x0000000002d8be70 method=sun.misc.MetaIndex.mayContain(Ljava/lang/String;)Z @ 38
Event: 1.600 Thread 0x0000000002a67000 Uncommon trap: reason=class_check action=maybe_recompile pc=0x0000000002deeaa4 method=java.util.AbstractCollection.toArray([Ljava/lang/Object;)[Ljava/lang/Object; @ 1
Event: 1.765 Thread 0x0000000002a67000 Uncommon trap: reason=unstable_if action=reinterpret pc=0x0000000002d85598 method=java.lang.AbstractStringBuilder.append(Ljava/lang/String;)Ljava/lang/AbstractStringBuilder; @ 1
Event: 1.765 Thread 0x0000000002a67000 Uncommon trap: reason=unstable_if action=reinterpret pc=0x0000000002d63948 method=java.lang.AbstractStringBuilder.append(Ljava/lang/String;)Ljava/lang/AbstractStringBuilder; @ 1
Event: 1.796 Thread 0x0000000002a67000 Uncommon trap: reason=class_check action=maybe_recompile pc=0x0000000002deeaa4 method=java.util.AbstractCollection.toArray([Ljava/lang/Object;)[Ljava/lang/Object; @ 1
Event: 1.796 Thread 0x0000000002a67000 Uncommon trap: reason=class_check action=maybe_recompile pc=0x0000000002deeaa4 method=java.util.AbstractCollection.toArray([Ljava/lang/Object;)[Ljava/lang/Object; @ 1
Event: 1.832 Thread 0x0000000029c38800 Uncommon trap: reason=unstable_if action=reinterpret pc=0x0000000002e047f4 method=java.lang.ThreadLocal.get()Ljava/lang/Object; @ 11

Classes redefined (0 events):
No events

Internal exceptions (10 events):
Event: 0.694 Thread 0x0000000002a67000 Exception <a 'sun/nio/fs/WindowsException'> (0x0000000715f60950) thrown at [C:\re\workspace\8-2-build-windows-amd64-cygwin\jdk8u181\11358\hotspot\src\share\vm\prims\jni.cpp, line 709]
Event: 1.124 Thread 0x0000000002a67000 Exception <a 'java/io/FileNotFoundException'> (0x00000007162d3f30) thrown at [C:\re\workspace\8-2-build-windows-amd64-cygwin\jdk8u181\11358\hotspot\src\share\vm\prims\jni.cpp, line 709]
Event: 1.560 Thread 0x0000000002a67000 Exception <a 'java/lang/NoSuchMethodError': org.slf4j.impl.StaticMDCBinder.getSingleton()Lorg/slf4j/impl/StaticMDCBinder;> (0x0000000719500b30) thrown at [C:\re\workspace\8-2-build-windows-amd64-cygwin\jdk8u181\11358\hotspot\src\share\vm\interpreter\linkR
Event: 1.578 Thread 0x0000000002a67000 Exception <a 'java/io/FileNotFoundException'> (0x000000071958d168) thrown at [C:\re\workspace\8-2-build-windows-amd64-cygwin\jdk8u181\11358\hotspot\src\share\vm\prims\jni.cpp, line 709]
Event: 1.598 Thread 0x0000000002a67000 Exception <a 'java/lang/NoSuchFieldError': method resolution failed> (0x000000071965d2f8) thrown at [C:\re\workspace\8-2-build-windows-amd64-cygwin\jdk8u181\11358\hotspot\src\share\vm\prims\methodHandles.cpp, line 1167]
Event: 1.599 Thread 0x0000000002a67000 Exception <a 'java/lang/NoSuchFieldError': method resolution failed> (0x000000071966a9b8) thrown at [C:\re\workspace\8-2-build-windows-amd64-cygwin\jdk8u181\11358\hotspot\src\share\vm\prims\methodHandles.cpp, line 1167]
Event: 1.643 Thread 0x0000000002a67000 Exception <a 'java/io/FileNotFoundException'> (0x00000007197267c0) thrown at [C:\re\workspace\8-2-build-windows-amd64-cygwin\jdk8u181\11358\hotspot\src\share\vm\prims\jni.cpp, line 709]
Event: 1.765 Thread 0x0000000002a67000 Implicit null exception at 0x0000000002d851d6 to 0x0000000002d85581
Event: 1.765 Thread 0x0000000002a67000 Implicit null exception at 0x0000000002d63517 to 0x0000000002d63931
Event: 1.832 Thread 0x0000000029c38800 Implicit null exception at 0x0000000002e04728 to 0x0000000002e047e1

Events (10 events):
Event: 4.276 Thread 0x000000004264d000 Thread added: 0x000000004264d000
Event: 4.276 loading class sun/awt/SunToolkit$1 done
Event: 4.277 Thread 0x00000000426c4800 Thread exited: 0x00000000426c4800
Event: 4.277 Thread 0x00000000426c5000 Thread exited: 0x00000000426c5000
Event: 4.277 Thread 0x0000000029b9c000 Thread exited: 0x0000000029b9c000
Event: 4.284 loading class sun/java2d/pipe/hw/AccelDeviceEventNotifier
Event: 4.284 loading class sun/java2d/pipe/hw/AccelDeviceEventNotifier done
Event: 4.303 Thread 0x0000000029c69800 Thread exited: 0x0000000029c69800
Event: 4.385 Thread 0x000000004264d000 Thread exited: 0x000000004264d000
Event: 4.385 Executing VM operation: Exit


Dynamic libraries:
0x00007ff7812c0000 - 0x00007ff7812f7000 	C:\Program Files\Java\jdk1.8.0_181\bin\java.exe
0x00007ffa9c280000 - 0x00007ffa9c470000 	C:\WINDOWS\SYSTEM32\ntdll.dll
0x00007ffa71260000 - 0x00007ffa71272000 	C:\Program Files\AVG\Antivirus\aswhook.dll
0x00007ffa9a7a0000 - 0x00007ffa9a852000 	C:\WINDOWS\System32\KERNEL32.DLL
0x00007ffa992d0000 - 0x00007ffa99575000 	C:\WINDOWS\System32\KERNELBASE.dll
0x00007ffa9af60000 - 0x00007ffa9b003000 	C:\WINDOWS\System32\ADVAPI32.dll
0x00007ffa9b9a0000 - 0x00007ffa9ba3e000 	C:\WINDOWS\System32\msvcrt.dll
0x00007ffa9b530000 - 0x00007ffa9b5c7000 	C:\WINDOWS\System32\sechost.dll
0x00007ffa9ba40000 - 0x00007ffa9bb60000 	C:\WINDOWS\System32\RPCRT4.dll
0x00007ffa9bdd0000 - 0x00007ffa9bf64000 	C:\WINDOWS\System32\USER32.dll
0x00007ffa991f0000 - 0x00007ffa99211000 	C:\WINDOWS\System32\win32u.dll
0x00007ffa9b500000 - 0x00007ffa9b526000 	C:\WINDOWS\System32\GDI32.dll
0x00007ffa99fd0000 - 0x00007ffa9a166000 	C:\WINDOWS\System32\gdi32full.dll
0x00007ffa9a190000 - 0x00007ffa9a22e000 	C:\WINDOWS\System32\msvcp_win.dll
0x00007ffa9a230000 - 0x00007ffa9a32a000 	C:\WINDOWS\System32\ucrtbase.dll
0x00007ffa88330000 - 0x00007ffa885b4000 	C:\WINDOWS\WinSxS\amd64_microsoft.windows.common-controls_6595b64144ccf1df_6.0.18362.1256_none_9e7e379be45e40e2\COMCTL32.dll
0x00007ffa9b150000 - 0x00007ffa9b486000 	C:\WINDOWS\System32\combase.dll
0x00007ffa99580000 - 0x00007ffa99601000 	C:\WINDOWS\System32\bcryptPrimitives.dll
0x00007ffa9bda0000 - 0x00007ffa9bdce000 	C:\WINDOWS\System32\IMM32.DLL
0x0000000053770000 - 0x0000000053842000 	C:\Program Files\Java\jdk1.8.0_181\jre\bin\msvcr100.dll
0x0000000052ec0000 - 0x0000000053762000 	C:\Program Files\Java\jdk1.8.0_181\jre\bin\server\jvm.dll
0x00007ffa9a860000 - 0x00007ffa9a868000 	C:\WINDOWS\System32\PSAPI.DLL
0x00007ffa862f0000 - 0x00007ffa862f9000 	C:\WINDOWS\SYSTEM32\WSOCK32.dll
0x00007ffa9b860000 - 0x00007ffa9b8cf000 	C:\WINDOWS\System32\WS2_32.dll
0x00007ffa921d0000 - 0x00007ffa921f4000 	C:\WINDOWS\SYSTEM32\WINMM.dll
0x00007ffa92160000 - 0x00007ffa9216a000 	C:\WINDOWS\SYSTEM32\VERSION.dll
0x00007ffa92190000 - 0x00007ffa921bd000 	C:\WINDOWS\SYSTEM32\WINMMBASE.dll
0x00007ffa99610000 - 0x00007ffa9965a000 	C:\WINDOWS\System32\cfgmgr32.dll
0x0000000052eb0000 - 0x0000000052ebf000 	C:\Program Files\Java\jdk1.8.0_181\jre\bin\verify.dll
0x0000000052e80000 - 0x0000000052ea9000 	C:\Program Files\Java\jdk1.8.0_181\jre\bin\java.dll
0x0000000052e60000 - 0x0000000052e76000 	C:\Program Files\Java\jdk1.8.0_181\jre\bin\zip.dll
0x00007ffa9a870000 - 0x00007ffa9af57000 	C:\WINDOWS\System32\SHELL32.dll
0x00007ffa9bfd0000 - 0x00007ffa9c079000 	C:\WINDOWS\System32\shcore.dll
0x00007ffa99660000 - 0x00007ffa99de1000 	C:\WINDOWS\System32\windows.storage.dll
0x00007ffa991c0000 - 0x00007ffa991e3000 	C:\WINDOWS\System32\profapi.dll
0x00007ffa99170000 - 0x00007ffa991ba000 	C:\WINDOWS\System32\powrprof.dll
0x00007ffa99120000 - 0x00007ffa99130000 	C:\WINDOWS\System32\UMPDC.dll
0x00007ffa9bf70000 - 0x00007ffa9bfc2000 	C:\WINDOWS\System32\shlwapi.dll
0x00007ffa99150000 - 0x00007ffa99161000 	C:\WINDOWS\System32\kernel.appcore.dll
0x00007ffa9a170000 - 0x00007ffa9a187000 	C:\WINDOWS\System32\cryptsp.dll
0x00007ffa984a0000 - 0x00007ffa984d3000 	C:\WINDOWS\system32\rsaenh.dll
0x00007ffa99fa0000 - 0x00007ffa99fc6000 	C:\WINDOWS\System32\bcrypt.dll
0x00007ffa99040000 - 0x00007ffa99065000 	C:\WINDOWS\SYSTEM32\USERENV.dll
0x00007ffa98aa0000 - 0x00007ffa98aac000 	C:\WINDOWS\SYSTEM32\CRYPTBASE.dll
0x0000000052e40000 - 0x0000000052e5a000 	C:\Program Files\Java\jdk1.8.0_181\jre\bin\net.dll
0x00007ffa98920000 - 0x00007ffa98987000 	C:\WINDOWS\system32\mswsock.dll
0x00007ffa98640000 - 0x00007ffa9867a000 	C:\WINDOWS\SYSTEM32\IPHLPAPI.DLL
0x00007ffa9b140000 - 0x00007ffa9b148000 	C:\WINDOWS\System32\NSI.dll
0x00007ffa92170000 - 0x00007ffa92186000 	C:\WINDOWS\SYSTEM32\dhcpcsvc6.DLL
0x00007ffa92140000 - 0x00007ffa9215c000 	C:\WINDOWS\SYSTEM32\dhcpcsvc.DLL
0x00007ffa98680000 - 0x00007ffa9874b000 	C:\WINDOWS\SYSTEM32\DNSAPI.dll
0x0000000052e20000 - 0x0000000052e31000 	C:\Program Files\Java\jdk1.8.0_181\jre\bin\nio.dll
0x00007ff9fd940000 - 0x00007ffa00941000 	C:\Users\office27\AppData\Local\Temp\opencv_openpnp6125936420788546521\nu\pattern\opencv\windows\x86_64\opencv_java430.dll
0x00007ffa9b700000 - 0x00007ffa9b857000 	C:\WINDOWS\System32\ole32.dll
0x00007ffa9b8d0000 - 0x00007ffa9b995000 	C:\WINDOWS\System32\OLEAUT32.dll
0x00007ffa92b00000 - 0x00007ffa92cfa000 	C:\WINDOWS\SYSTEM32\MFPlat.DLL
0x00007ffa71f20000 - 0x00007ffa71fa2000 	C:\WINDOWS\SYSTEM32\MF.dll
0x00007ffa0dfe0000 - 0x00007ffa0e119000 	C:\WINDOWS\SYSTEM32\MFReadWrite.dll
0x00007ffa71b30000 - 0x00007ffa71f1c000 	C:\WINDOWS\SYSTEM32\MFCORE.DLL
0x00007ffa99df0000 - 0x00007ffa99f39000 	C:\WINDOWS\System32\CRYPT32.dll
0x00007ffa99130000 - 0x00007ffa99142000 	C:\WINDOWS\System32\MSASN1.dll
0x00007ffa95740000 - 0x00007ffa95749000 	C:\WINDOWS\SYSTEM32\ksuser.dll
0x00007ffa92880000 - 0x00007ffa928af000 	C:\WINDOWS\SYSTEM32\RTWorkQ.DLL
0x00007ffa08970000 - 0x00007ffa089f7000 	C:\WINDOWS\SYSTEM32\OpenCL.dll
0x00007ffa06be0000 - 0x00007ffa08962000 	C:\WINDOWS\System32\nvopencl.dll
0x00007ffa9a330000 - 0x00007ffa9a7a0000 	C:\WINDOWS\System32\SETUPAPI.dll
0x00007ffa06ac0000 - 0x00007ffa06be0000 	C:\WINDOWS\SYSTEM32\nvfatbinaryLoader.dll
0x00007ffa97150000 - 0x00007ffa971e9000 	C:\WINDOWS\system32\uxtheme.dll
0x00007ffa97d20000 - 0x00007ffa97d40000 	C:\WINDOWS\SYSTEM32\dxcore.dll
0x00007ffa98f10000 - 0x00007ffa98f3a000 	C:\WINDOWS\SYSTEM32\DEVOBJ.dll
0x00007ffa99f40000 - 0x00007ffa99f9c000 	C:\WINDOWS\System32\WINTRUST.dll
0x00007ffa8ccc0000 - 0x00007ffa8d190000 	C:\WINDOWS\system32\nvapi64.dll
0x00007ffa97db0000 - 0x00007ffa97e9b000 	C:\WINDOWS\SYSTEM32\dxgi.dll
0x0000000052c40000 - 0x0000000052dd9000 	C:\Program Files\Java\jdk1.8.0_181\jre\bin\awt.dll
0x00007ffa97050000 - 0x00007ffa970df000 	C:\WINDOWS\SYSTEM32\apphelp.dll
0x00007ffa9c080000 - 0x00007ffa9c1b5000 	C:\WINDOWS\System32\MSCTF.dll
0x00007ffa97580000 - 0x00007ffa975ad000 	C:\WINDOWS\system32\DWMAPI.DLL
0x00007ffa5a5c0000 - 0x00007ffa5a716000 	C:\WINDOWS\system32\opengl32.dll
0x00007ffa80940000 - 0x00007ffa8096c000 	C:\WINDOWS\SYSTEM32\GLU32.dll
0x00007ffa9bd80000 - 0x00007ffa9bd9d000 	C:\WINDOWS\System32\imagehlp.dll
0x00007ffa88260000 - 0x00007ffa88322000 	C:\Program Files (x86)\NVIDIA Corporation\3D Vision\nvSCPAPI64.dll
0x00007ffa97cd0000 - 0x00007ffa97cf2000 	C:\WINDOWS\SYSTEM32\gpapi.dll
0x00007ffa90200000 - 0x00007ffa9022f000 	C:\WINDOWS\SYSTEM32\cryptnet.dll
0x0000000052bf0000 - 0x0000000052c37000 	C:\Program Files\Java\jdk1.8.0_181\jre\bin\fontmanager.dll
0x00007ffa8d2b0000 - 0x00007ffa8d34e000 	C:\WINDOWS\System32\TextInputFramework.dll
0x00007ffa902e0000 - 0x00007ffa9060a000 	C:\WINDOWS\System32\CoreUIComponents.dll
0x00007ffa96820000 - 0x00007ffa968f4000 	C:\WINDOWS\System32\CoreMessaging.dll
0x00007ffa98120000 - 0x00007ffa98151000 	C:\WINDOWS\SYSTEM32\ntmarta.dll
0x00007ffa950b0000 - 0x00007ffa95203000 	C:\WINDOWS\SYSTEM32\wintypes.dll
0x0000000052ba0000 - 0x0000000052be2000 	C:\Program Files\Java\jdk1.8.0_181\jre\bin\t2k.dll
0x00007ffa8b7c0000 - 0x00007ffa8ba67000 	C:\WINDOWS\System32\iertutil.dll
0x00007ffa97960000 - 0x00007ffa97b54000 	C:\WINDOWS\SYSTEM32\dbghelp.dll

VM Arguments:
jvm_args: -Djava.library.path=libs/x64 -Dfile.encoding=windows-1252 -Duser.country=US -Duser.language=en -Duser.variant 
java_command: org.iproduct.ml.h2o.opencv.FaceRecognition
java_class_path (initial): D:\CourseDML\git\course-ml\10-ml-h2o\build\classes\java\main;D:\CourseDML\git\course-ml\10-ml-h2o\build\resources\main;C:\Users\office27\.gradle\caches\modules-2\files-2.1\org.springframework.boot\spring-boot-devtools\2.4.1\22d4eca38aa8a7304bccc845a3cca42c77d3e9a2\spring-boot-devtools-2.4.1.jar;C:\Users\office27\.gradle\caches\modules-2\files-2.1\org.openpnp\opencv\4.3.0-2\bd65fd9463e91fe64cf3ecd3814939b8dd2a9299\opencv-4.3.0-2.jar;C:\Users\office27\.gradle\caches\modules-2\files-2.1\org.springframework.boot\spring-boot-starter-actuator\2.4.1\636f2ae9ec0d6a95c0330b6f2e96b0a88c983571\spring-boot-starter-actuator-2.4.1.jar;C:\Users\office27\.gradle\caches\modules-2\files-2.1\org.springframework.boot\spring-boot-starter-validation\2.4.1\18ed1d2880f5bbbbed2a155625c90b53e78ed5f8\spring-boot-starter-validation-2.4.1.jar;C:\Users\office27\.gradle\caches\modules-2\files-2.1\org.springframework.boot\spring-boot-starter-webflux\2.4.1\e54535216a6b6becffc044fd8abff3e6011e576d\spring-boot-starter-webflux-2.4.1.jar;C:\Users\office27\.gradle\caches\modules-2\files-2.1\ai.h2o\h2o-genmodel\3.32.0.2\bd280b2cbc4ba3f359d8332a3bcfeadd0b4eca48\h2o-genmodel-3.32.0.2.jar;C:\Users\office27\.gradle\caches\modules-2\files-2.1\org.springframework.boot\spring-boot-starter-json\2.4.1\5a4b7088c88be531cb416ef218da3e19309f8cea\spring-boot-starter-json-2.4.1.jar;C:\Users\office27\.gradle\caches\modules-2\files-2.1\org.springframework.boot\spring-boot-starter\2.4.1\15d81ffe81e26de37986d491e1cf4c1e3a324ca3\spring-boot-starter-2.4.1.jar;C:\Users\office27\.gradle\caches\modules-2\files-2.1\org.springframework.boot\spring-boot-actuator-autoconfigure\2.4.1\3d58dcc2b2bb187f37b54644184f3368d2d2bb2a\spring-boot-actuator-autoconfigure-2.4.1.jar;C:\Users\office27\.gradle\caches\modules-2\files-2.1\org.springframework.boot\spring-boot-autoconfigure\2.4.1\9af62d8d15ee71efb9baf35dc5263fc953230ab1\spring-boot-autoconfigure-2.4.1.jar;C:\Users\office27\.gradle\caches\modules-2\files-2.1\
Launcher Type: SUN_STANDARD

Environment Variables:
JAVA_HOME=D:\Programs\jdk-15.0.1
USERNAME=office27
OS=Windows_NT
PROCESSOR_IDENTIFIER=Intel64 Family 6 Model 158 Stepping 10, GenuineIntel



---------------  S Y S T E M  ---------------

OS: Windows 10.0 , 64 bit Build 18362 (10.0.18362.1110)

CPU:total 12 (initial active 12) (6 cores per cpu, 2 threads per core) family 6 model 158 stepping 10, cmov, cx8, fxsr, mmx, sse, sse2, sse3, ssse3, sse4.1, sse4.2, popcnt, avx, avx2, aes, clmul, erms, rtm, 3dnowpref, lzcnt, ht, tsc, tscinvbit, bmi1, bmi2, adx

Memory: 4k page, physical 33500168k(5519096k free), swap 56568840k(8046864k free)

vm_info: Java HotSpot(TM) 64-Bit Server VM (25.181-b13) for windows-amd64 JRE (1.8.0_181-b13), built on Jul  7 2018 04:01:33 by "java_re" with MS VC++ 10.0 (VS2010)

time: Tue Dec 22 15:43:23 2020
elapsed time: 4 seconds (0d 0h 0m 4s)

